2015-09-23 18:33:10 INFO  LogHelper:46 - HHH000204: Processing PersistenceUnitInfo [
	name: default
	...]
2015-09-23 18:33:10 INFO  Version:54 - HHH000412: Hibernate Core {4.3.5.Final}
2015-09-23 18:33:10 INFO  Environment:239 - HHH000206: hibernate.properties not found
2015-09-23 18:33:10 INFO  Environment:346 - HHH000021: Bytecode provider name : javassist
2015-09-23 18:33:11 INFO  Version:66 - HCANN000001: Hibernate Commons Annotations {4.0.4.Final}
2015-09-23 18:33:11 INFO  Dialect:145 - HHH000400: Using dialect: org.hibernate.dialect.MySQLDialect
2015-09-23 18:33:11 INFO  LobCreatorBuilder:97 - HHH000423: Disabling contextual LOB creation as JDBC driver reported JDBC version [3] less than 4
2015-09-23 18:33:11 INFO  ASTQueryTranslatorFactory:47 - HHH000397: Using ASTQueryTranslatorFactory
2015-09-23 18:33:11 INFO  SchemaUpdate:182 - HHH000228: Running hbm2ddl schema update
2015-09-23 18:33:11 INFO  SchemaUpdate:193 - HHH000102: Fetching database metadata
2015-09-23 18:33:11 INFO  SchemaUpdate:205 - HHH000396: Updating schema
2015-09-23 18:33:11 INFO  TableMetadata:66 - HHH000261: Table found: test.jpa_roles
2015-09-23 18:33:11 INFO  TableMetadata:67 - HHH000037: Columns: [role_id, user_id, role_name]
2015-09-23 18:33:11 INFO  TableMetadata:69 - HHH000108: Foreign keys: [fk_cg3xd1hotk3vp2ajaetwnvfwk]
2015-09-23 18:33:11 INFO  TableMetadata:70 - HHH000126: Indexes: [fk_cg3xd1hotk3vp2ajaetwnvfwk, primary, uk_n1kurc0xjbxmjirhqcrvhbbim]
2015-09-23 18:33:11 INFO  TableMetadata:66 - HHH000261: Table found: test.jpa_user
2015-09-23 18:33:11 INFO  TableMetadata:67 - HHH000037: Columns: [user_name, first_name, email, last_name, user_id, password]
2015-09-23 18:33:11 INFO  TableMetadata:69 - HHH000108: Foreign keys: []
2015-09-23 18:33:11 INFO  TableMetadata:70 - HHH000126: Indexes: [uk_mu48y7lsetgeh9algyj5qp4im, primary]
2015-09-23 18:33:11 INFO  SchemaUpdate:242 - HHH000232: Schema update complete
2015-09-25 13:06:52 INFO  LogHelper:46 - HHH000204: Processing PersistenceUnitInfo [
	name: default
	...]
2015-09-25 13:06:52 INFO  Version:54 - HHH000412: Hibernate Core {4.3.5.Final}
2015-09-25 13:06:52 INFO  Environment:239 - HHH000206: hibernate.properties not found
2015-09-25 13:06:52 INFO  Environment:346 - HHH000021: Bytecode provider name : javassist
2015-09-25 13:06:53 INFO  Version:66 - HCANN000001: Hibernate Commons Annotations {4.0.4.Final}
2015-09-25 13:06:57 INFO  Dialect:145 - HHH000400: Using dialect: org.hibernate.dialect.MySQLDialect
2015-09-25 13:06:57 INFO  LobCreatorBuilder:97 - HHH000423: Disabling contextual LOB creation as JDBC driver reported JDBC version [3] less than 4
2015-09-25 13:06:57 INFO  ASTQueryTranslatorFactory:47 - HHH000397: Using ASTQueryTranslatorFactory
2015-09-25 13:06:57 INFO  SchemaUpdate:182 - HHH000228: Running hbm2ddl schema update
2015-09-25 13:06:57 INFO  SchemaUpdate:193 - HHH000102: Fetching database metadata
2015-09-25 13:06:57 INFO  SchemaUpdate:205 - HHH000396: Updating schema
2015-09-25 13:06:59 INFO  TableMetadata:66 - HHH000261: Table found: test.jpa_roles
2015-09-25 13:06:59 INFO  TableMetadata:67 - HHH000037: Columns: [role_id, user_id, role_name]
2015-09-25 13:06:59 INFO  TableMetadata:69 - HHH000108: Foreign keys: [fk_cg3xd1hotk3vp2ajaetwnvfwk]
2015-09-25 13:06:59 INFO  TableMetadata:70 - HHH000126: Indexes: [fk_cg3xd1hotk3vp2ajaetwnvfwk, primary, uk_n1kurc0xjbxmjirhqcrvhbbim]
2015-09-25 13:06:59 INFO  TableMetadata:66 - HHH000261: Table found: test.jpa_user
2015-09-25 13:06:59 INFO  TableMetadata:67 - HHH000037: Columns: [user_name, first_name, email, last_name, user_id, password]
2015-09-25 13:06:59 INFO  TableMetadata:69 - HHH000108: Foreign keys: []
2015-09-25 13:06:59 INFO  TableMetadata:70 - HHH000126: Indexes: [uk_mu48y7lsetgeh9algyj5qp4im, primary]
2015-09-25 13:06:59 INFO  DatabaseMetaData:147 - HHH000262: Table not found: suppliers
2015-09-25 13:06:59 INFO  DatabaseMetaData:147 - HHH000262: Table not found: suppliers
2015-09-25 13:06:59 INFO  DatabaseMetaData:147 - HHH000262: Table not found: suppliers
2015-09-25 13:07:00 INFO  SchemaUpdate:242 - HHH000232: Schema update complete
2015-09-25 15:52:30 INFO  LogHelper:46 - HHH000204: Processing PersistenceUnitInfo [
	name: default
	...]
2015-09-25 15:52:30 INFO  Version:54 - HHH000412: Hibernate Core {4.3.5.Final}
2015-09-25 15:52:30 INFO  Environment:239 - HHH000206: hibernate.properties not found
2015-09-25 15:52:30 INFO  Environment:346 - HHH000021: Bytecode provider name : javassist
2015-09-25 15:52:30 INFO  Version:66 - HCANN000001: Hibernate Commons Annotations {4.0.4.Final}
2015-09-25 15:52:30 INFO  Dialect:145 - HHH000400: Using dialect: org.hibernate.dialect.MySQLDialect
2015-09-25 15:52:30 INFO  LobCreatorBuilder:97 - HHH000423: Disabling contextual LOB creation as JDBC driver reported JDBC version [3] less than 4
2015-09-25 15:52:31 INFO  ASTQueryTranslatorFactory:47 - HHH000397: Using ASTQueryTranslatorFactory
2015-09-25 15:52:31 INFO  SchemaUpdate:182 - HHH000228: Running hbm2ddl schema update
2015-09-25 15:52:31 INFO  SchemaUpdate:193 - HHH000102: Fetching database metadata
2015-09-25 15:52:31 INFO  SchemaUpdate:205 - HHH000396: Updating schema
2015-09-25 15:52:31 INFO  TableMetadata:66 - HHH000261: Table found: test.jpa_roles
2015-09-25 15:52:31 INFO  TableMetadata:67 - HHH000037: Columns: [role_id, user_id, role_name]
2015-09-25 15:52:31 INFO  TableMetadata:69 - HHH000108: Foreign keys: [fk_cg3xd1hotk3vp2ajaetwnvfwk]
2015-09-25 15:52:31 INFO  TableMetadata:70 - HHH000126: Indexes: [fk_cg3xd1hotk3vp2ajaetwnvfwk, primary, uk_n1kurc0xjbxmjirhqcrvhbbim]
2015-09-25 15:52:31 INFO  TableMetadata:66 - HHH000261: Table found: test.jpa_user
2015-09-25 15:52:31 INFO  TableMetadata:67 - HHH000037: Columns: [user_name, first_name, email, last_name, user_id, password]
2015-09-25 15:52:31 INFO  TableMetadata:69 - HHH000108: Foreign keys: []
2015-09-25 15:52:31 INFO  TableMetadata:70 - HHH000126: Indexes: [uk_mu48y7lsetgeh9algyj5qp4im, primary]
2015-09-25 15:52:31 INFO  TableMetadata:66 - HHH000261: Table found: test.suppliers
2015-09-25 15:52:31 INFO  TableMetadata:67 - HHH000037: Columns: [id, email, address, name, state, mobile, country, city]
2015-09-25 15:52:31 INFO  TableMetadata:69 - HHH000108: Foreign keys: []
2015-09-25 15:52:31 INFO  TableMetadata:70 - HHH000126: Indexes: [primary]
2015-09-25 15:52:31 INFO  SchemaUpdate:242 - HHH000232: Schema update complete
2015-09-25 16:12:28 INFO  LogHelper:46 - HHH000204: Processing PersistenceUnitInfo [
	name: default
	...]
2015-09-25 16:12:28 INFO  Version:54 - HHH000412: Hibernate Core {4.3.5.Final}
2015-09-25 16:12:28 INFO  Environment:239 - HHH000206: hibernate.properties not found
2015-09-25 16:12:28 INFO  Environment:346 - HHH000021: Bytecode provider name : javassist
2015-09-25 16:12:28 INFO  Version:66 - HCANN000001: Hibernate Commons Annotations {4.0.4.Final}
2015-09-25 16:12:28 INFO  Dialect:145 - HHH000400: Using dialect: org.hibernate.dialect.MySQLDialect
2015-09-25 16:12:28 INFO  LobCreatorBuilder:97 - HHH000423: Disabling contextual LOB creation as JDBC driver reported JDBC version [3] less than 4
2015-09-25 16:12:28 INFO  ASTQueryTranslatorFactory:47 - HHH000397: Using ASTQueryTranslatorFactory
2015-09-25 16:12:28 INFO  SchemaUpdate:182 - HHH000228: Running hbm2ddl schema update
2015-09-25 16:12:28 INFO  SchemaUpdate:193 - HHH000102: Fetching database metadata
2015-09-25 16:12:28 INFO  SchemaUpdate:205 - HHH000396: Updating schema
2015-09-25 16:12:29 INFO  TableMetadata:66 - HHH000261: Table found: test.jpa_roles
2015-09-25 16:12:29 INFO  TableMetadata:67 - HHH000037: Columns: [role_id, user_id, role_name]
2015-09-25 16:12:29 INFO  TableMetadata:69 - HHH000108: Foreign keys: [fk_cg3xd1hotk3vp2ajaetwnvfwk]
2015-09-25 16:12:29 INFO  TableMetadata:70 - HHH000126: Indexes: [fk_cg3xd1hotk3vp2ajaetwnvfwk, primary, uk_n1kurc0xjbxmjirhqcrvhbbim]
2015-09-25 16:12:29 INFO  TableMetadata:66 - HHH000261: Table found: test.jpa_user
2015-09-25 16:12:29 INFO  TableMetadata:67 - HHH000037: Columns: [user_name, first_name, email, last_name, user_id, password]
2015-09-25 16:12:29 INFO  TableMetadata:69 - HHH000108: Foreign keys: []
2015-09-25 16:12:29 INFO  TableMetadata:70 - HHH000126: Indexes: [uk_mu48y7lsetgeh9algyj5qp4im, primary]
2015-09-25 16:12:29 INFO  TableMetadata:66 - HHH000261: Table found: test.suppliers
2015-09-25 16:12:29 INFO  TableMetadata:67 - HHH000037: Columns: [id, email, address, name, state, mobile, country, city]
2015-09-25 16:12:29 INFO  TableMetadata:69 - HHH000108: Foreign keys: []
2015-09-25 16:12:29 INFO  TableMetadata:70 - HHH000126: Indexes: [primary]
2015-09-25 16:12:29 INFO  SchemaUpdate:242 - HHH000232: Schema update complete
2015-09-25 16:14:49 INFO  LogHelper:46 - HHH000204: Processing PersistenceUnitInfo [
	name: default
	...]
2015-09-25 16:14:49 INFO  Version:54 - HHH000412: Hibernate Core {4.3.5.Final}
2015-09-25 16:14:49 INFO  Environment:239 - HHH000206: hibernate.properties not found
2015-09-25 16:14:49 INFO  Environment:346 - HHH000021: Bytecode provider name : javassist
2015-09-25 16:14:49 INFO  Version:66 - HCANN000001: Hibernate Commons Annotations {4.0.4.Final}
2015-09-25 16:14:49 INFO  Dialect:145 - HHH000400: Using dialect: org.hibernate.dialect.MySQLDialect
2015-09-25 16:14:49 INFO  LobCreatorBuilder:97 - HHH000423: Disabling contextual LOB creation as JDBC driver reported JDBC version [3] less than 4
2015-09-25 16:14:49 INFO  ASTQueryTranslatorFactory:47 - HHH000397: Using ASTQueryTranslatorFactory
2015-09-25 16:14:50 INFO  SchemaUpdate:182 - HHH000228: Running hbm2ddl schema update
2015-09-25 16:14:50 INFO  SchemaUpdate:193 - HHH000102: Fetching database metadata
2015-09-25 16:14:50 INFO  SchemaUpdate:205 - HHH000396: Updating schema
2015-09-25 16:14:50 INFO  TableMetadata:66 - HHH000261: Table found: test.jpa_roles
2015-09-25 16:14:50 INFO  TableMetadata:67 - HHH000037: Columns: [role_id, user_id, role_name]
2015-09-25 16:14:50 INFO  TableMetadata:69 - HHH000108: Foreign keys: [fk_cg3xd1hotk3vp2ajaetwnvfwk]
2015-09-25 16:14:50 INFO  TableMetadata:70 - HHH000126: Indexes: [fk_cg3xd1hotk3vp2ajaetwnvfwk, primary, uk_n1kurc0xjbxmjirhqcrvhbbim]
2015-09-25 16:14:50 INFO  TableMetadata:66 - HHH000261: Table found: test.jpa_user
2015-09-25 16:14:50 INFO  TableMetadata:67 - HHH000037: Columns: [user_name, first_name, email, last_name, user_id, password]
2015-09-25 16:14:50 INFO  TableMetadata:69 - HHH000108: Foreign keys: []
2015-09-25 16:14:50 INFO  TableMetadata:70 - HHH000126: Indexes: [uk_mu48y7lsetgeh9algyj5qp4im, primary]
2015-09-25 16:14:50 INFO  TableMetadata:66 - HHH000261: Table found: test.suppliers
2015-09-25 16:14:50 INFO  TableMetadata:67 - HHH000037: Columns: [id, email, address, name, state, mobile, country, city]
2015-09-25 16:14:50 INFO  TableMetadata:69 - HHH000108: Foreign keys: []
2015-09-25 16:14:50 INFO  TableMetadata:70 - HHH000126: Indexes: [primary]
2015-09-25 16:14:50 INFO  SchemaUpdate:242 - HHH000232: Schema update complete
2015-09-25 16:20:07 INFO  LogHelper:46 - HHH000204: Processing PersistenceUnitInfo [
	name: default
	...]
2015-09-25 16:20:07 INFO  Version:54 - HHH000412: Hibernate Core {4.3.5.Final}
2015-09-25 16:20:07 INFO  Environment:239 - HHH000206: hibernate.properties not found
2015-09-25 16:20:07 INFO  Environment:346 - HHH000021: Bytecode provider name : javassist
2015-09-25 16:20:07 INFO  Version:66 - HCANN000001: Hibernate Commons Annotations {4.0.4.Final}
2015-09-25 16:20:07 INFO  Dialect:145 - HHH000400: Using dialect: org.hibernate.dialect.MySQLDialect
2015-09-25 16:20:07 INFO  LobCreatorBuilder:97 - HHH000423: Disabling contextual LOB creation as JDBC driver reported JDBC version [3] less than 4
2015-09-25 16:20:08 INFO  ASTQueryTranslatorFactory:47 - HHH000397: Using ASTQueryTranslatorFactory
2015-09-25 16:20:08 INFO  SchemaUpdate:182 - HHH000228: Running hbm2ddl schema update
2015-09-25 16:20:08 INFO  SchemaUpdate:193 - HHH000102: Fetching database metadata
2015-09-25 16:20:08 INFO  SchemaUpdate:205 - HHH000396: Updating schema
2015-09-25 16:20:08 INFO  TableMetadata:66 - HHH000261: Table found: test.jpa_roles
2015-09-25 16:20:08 INFO  TableMetadata:67 - HHH000037: Columns: [role_id, user_id, role_name]
2015-09-25 16:20:08 INFO  TableMetadata:69 - HHH000108: Foreign keys: [fk_cg3xd1hotk3vp2ajaetwnvfwk]
2015-09-25 16:20:08 INFO  TableMetadata:70 - HHH000126: Indexes: [fk_cg3xd1hotk3vp2ajaetwnvfwk, primary, uk_n1kurc0xjbxmjirhqcrvhbbim]
2015-09-25 16:20:08 INFO  TableMetadata:66 - HHH000261: Table found: test.jpa_user
2015-09-25 16:20:08 INFO  TableMetadata:67 - HHH000037: Columns: [user_name, first_name, email, last_name, user_id, password]
2015-09-25 16:20:08 INFO  TableMetadata:69 - HHH000108: Foreign keys: []
2015-09-25 16:20:08 INFO  TableMetadata:70 - HHH000126: Indexes: [uk_mu48y7lsetgeh9algyj5qp4im, primary]
2015-09-25 16:20:08 INFO  TableMetadata:66 - HHH000261: Table found: test.suppliers
2015-09-25 16:20:08 INFO  TableMetadata:67 - HHH000037: Columns: [id, email, address, name, state, mobile, country, city]
2015-09-25 16:20:08 INFO  TableMetadata:69 - HHH000108: Foreign keys: []
2015-09-25 16:20:08 INFO  TableMetadata:70 - HHH000126: Indexes: [primary]
2015-09-25 16:20:08 INFO  SchemaUpdate:242 - HHH000232: Schema update complete
2015-09-25 16:22:15 INFO  LogHelper:46 - HHH000204: Processing PersistenceUnitInfo [
	name: default
	...]
2015-09-25 16:22:16 INFO  Version:54 - HHH000412: Hibernate Core {4.3.5.Final}
2015-09-25 16:22:16 INFO  Environment:239 - HHH000206: hibernate.properties not found
2015-09-25 16:22:16 INFO  Environment:346 - HHH000021: Bytecode provider name : javassist
2015-09-25 16:22:16 INFO  Version:66 - HCANN000001: Hibernate Commons Annotations {4.0.4.Final}
2015-09-25 16:22:16 INFO  Dialect:145 - HHH000400: Using dialect: org.hibernate.dialect.MySQLDialect
2015-09-25 16:22:16 INFO  LobCreatorBuilder:97 - HHH000423: Disabling contextual LOB creation as JDBC driver reported JDBC version [3] less than 4
2015-09-25 16:22:16 INFO  ASTQueryTranslatorFactory:47 - HHH000397: Using ASTQueryTranslatorFactory
2015-09-25 16:22:16 INFO  SchemaUpdate:182 - HHH000228: Running hbm2ddl schema update
2015-09-25 16:22:16 INFO  SchemaUpdate:193 - HHH000102: Fetching database metadata
2015-09-25 16:22:16 INFO  SchemaUpdate:205 - HHH000396: Updating schema
2015-09-25 16:22:16 INFO  TableMetadata:66 - HHH000261: Table found: test.jpa_roles
2015-09-25 16:22:16 INFO  TableMetadata:67 - HHH000037: Columns: [role_id, user_id, role_name]
2015-09-25 16:22:16 INFO  TableMetadata:69 - HHH000108: Foreign keys: [fk_cg3xd1hotk3vp2ajaetwnvfwk]
2015-09-25 16:22:16 INFO  TableMetadata:70 - HHH000126: Indexes: [fk_cg3xd1hotk3vp2ajaetwnvfwk, primary, uk_n1kurc0xjbxmjirhqcrvhbbim]
2015-09-25 16:22:16 INFO  TableMetadata:66 - HHH000261: Table found: test.jpa_user
2015-09-25 16:22:16 INFO  TableMetadata:67 - HHH000037: Columns: [user_name, first_name, email, last_name, user_id, password]
2015-09-25 16:22:16 INFO  TableMetadata:69 - HHH000108: Foreign keys: []
2015-09-25 16:22:16 INFO  TableMetadata:70 - HHH000126: Indexes: [uk_mu48y7lsetgeh9algyj5qp4im, primary]
2015-09-25 16:22:16 INFO  TableMetadata:66 - HHH000261: Table found: test.suppliers
2015-09-25 16:22:16 INFO  TableMetadata:67 - HHH000037: Columns: [id, email, address, name, state, mobile, country, city]
2015-09-25 16:22:16 INFO  TableMetadata:69 - HHH000108: Foreign keys: []
2015-09-25 16:22:16 INFO  TableMetadata:70 - HHH000126: Indexes: [primary]
2015-09-25 16:22:16 INFO  SchemaUpdate:242 - HHH000232: Schema update complete
2015-09-25 16:30:26 INFO  LogHelper:46 - HHH000204: Processing PersistenceUnitInfo [
	name: default
	...]
2015-09-25 16:30:26 INFO  Version:54 - HHH000412: Hibernate Core {4.3.5.Final}
2015-09-25 16:30:26 INFO  Environment:239 - HHH000206: hibernate.properties not found
2015-09-25 16:30:26 INFO  Environment:346 - HHH000021: Bytecode provider name : javassist
2015-09-25 16:30:26 INFO  Version:66 - HCANN000001: Hibernate Commons Annotations {4.0.4.Final}
2015-09-25 16:30:26 INFO  Dialect:145 - HHH000400: Using dialect: org.hibernate.dialect.MySQLDialect
2015-09-25 16:30:26 INFO  LobCreatorBuilder:97 - HHH000423: Disabling contextual LOB creation as JDBC driver reported JDBC version [3] less than 4
2015-09-25 16:30:26 INFO  ASTQueryTranslatorFactory:47 - HHH000397: Using ASTQueryTranslatorFactory
2015-09-25 16:30:27 INFO  SchemaUpdate:182 - HHH000228: Running hbm2ddl schema update
2015-09-25 16:30:27 INFO  SchemaUpdate:193 - HHH000102: Fetching database metadata
2015-09-25 16:30:27 INFO  SchemaUpdate:205 - HHH000396: Updating schema
2015-09-25 16:30:27 INFO  TableMetadata:66 - HHH000261: Table found: test.jpa_roles
2015-09-25 16:30:27 INFO  TableMetadata:67 - HHH000037: Columns: [role_id, user_id, role_name]
2015-09-25 16:30:27 INFO  TableMetadata:69 - HHH000108: Foreign keys: [fk_cg3xd1hotk3vp2ajaetwnvfwk]
2015-09-25 16:30:27 INFO  TableMetadata:70 - HHH000126: Indexes: [fk_cg3xd1hotk3vp2ajaetwnvfwk, primary, uk_n1kurc0xjbxmjirhqcrvhbbim]
2015-09-25 16:30:27 INFO  TableMetadata:66 - HHH000261: Table found: test.jpa_user
2015-09-25 16:30:27 INFO  TableMetadata:67 - HHH000037: Columns: [user_name, first_name, email, last_name, user_id, password]
2015-09-25 16:30:27 INFO  TableMetadata:69 - HHH000108: Foreign keys: []
2015-09-25 16:30:27 INFO  TableMetadata:70 - HHH000126: Indexes: [uk_mu48y7lsetgeh9algyj5qp4im, primary]
2015-09-25 16:30:27 INFO  TableMetadata:66 - HHH000261: Table found: test.suppliers
2015-09-25 16:30:27 INFO  TableMetadata:67 - HHH000037: Columns: [id, email, address, name, state, mobile, country, city]
2015-09-25 16:30:27 INFO  TableMetadata:69 - HHH000108: Foreign keys: []
2015-09-25 16:30:27 INFO  TableMetadata:70 - HHH000126: Indexes: [primary]
2015-09-25 16:30:27 INFO  SchemaUpdate:242 - HHH000232: Schema update complete
2015-09-25 16:32:23 INFO  LogHelper:46 - HHH000204: Processing PersistenceUnitInfo [
	name: default
	...]
2015-09-25 16:32:23 INFO  Version:54 - HHH000412: Hibernate Core {4.3.5.Final}
2015-09-25 16:32:23 INFO  Environment:239 - HHH000206: hibernate.properties not found
2015-09-25 16:32:23 INFO  Environment:346 - HHH000021: Bytecode provider name : javassist
2015-09-25 16:32:23 INFO  Version:66 - HCANN000001: Hibernate Commons Annotations {4.0.4.Final}
2015-09-25 16:32:24 INFO  Dialect:145 - HHH000400: Using dialect: org.hibernate.dialect.MySQLDialect
2015-09-25 16:32:24 INFO  LobCreatorBuilder:97 - HHH000423: Disabling contextual LOB creation as JDBC driver reported JDBC version [3] less than 4
2015-09-25 16:32:24 INFO  ASTQueryTranslatorFactory:47 - HHH000397: Using ASTQueryTranslatorFactory
2015-09-25 16:32:24 INFO  SchemaUpdate:182 - HHH000228: Running hbm2ddl schema update
2015-09-25 16:32:24 INFO  SchemaUpdate:193 - HHH000102: Fetching database metadata
2015-09-25 16:32:24 INFO  SchemaUpdate:205 - HHH000396: Updating schema
2015-09-25 16:32:24 INFO  TableMetadata:66 - HHH000261: Table found: test.jpa_roles
2015-09-25 16:32:24 INFO  TableMetadata:67 - HHH000037: Columns: [role_id, user_id, role_name]
2015-09-25 16:32:24 INFO  TableMetadata:69 - HHH000108: Foreign keys: [fk_cg3xd1hotk3vp2ajaetwnvfwk]
2015-09-25 16:32:24 INFO  TableMetadata:70 - HHH000126: Indexes: [fk_cg3xd1hotk3vp2ajaetwnvfwk, primary, uk_n1kurc0xjbxmjirhqcrvhbbim]
2015-09-25 16:32:24 INFO  TableMetadata:66 - HHH000261: Table found: test.jpa_user
2015-09-25 16:32:24 INFO  TableMetadata:67 - HHH000037: Columns: [user_name, first_name, email, last_name, user_id, password]
2015-09-25 16:32:24 INFO  TableMetadata:69 - HHH000108: Foreign keys: []
2015-09-25 16:32:24 INFO  TableMetadata:70 - HHH000126: Indexes: [uk_mu48y7lsetgeh9algyj5qp4im, primary]
2015-09-25 16:32:24 INFO  TableMetadata:66 - HHH000261: Table found: test.suppliers
2015-09-25 16:32:24 INFO  TableMetadata:67 - HHH000037: Columns: [id, email, address, name, state, mobile, country, city]
2015-09-25 16:32:24 INFO  TableMetadata:69 - HHH000108: Foreign keys: []
2015-09-25 16:32:24 INFO  TableMetadata:70 - HHH000126: Indexes: [primary]
2015-09-25 16:32:24 INFO  SchemaUpdate:242 - HHH000232: Schema update complete
2015-09-25 16:40:13 INFO  LogHelper:46 - HHH000204: Processing PersistenceUnitInfo [
	name: default
	...]
2015-09-25 16:40:13 INFO  Version:54 - HHH000412: Hibernate Core {4.3.5.Final}
2015-09-25 16:40:13 INFO  Environment:239 - HHH000206: hibernate.properties not found
2015-09-25 16:40:13 INFO  Environment:346 - HHH000021: Bytecode provider name : javassist
2015-09-25 16:40:13 INFO  Version:66 - HCANN000001: Hibernate Commons Annotations {4.0.4.Final}
2015-09-25 16:40:13 INFO  Dialect:145 - HHH000400: Using dialect: org.hibernate.dialect.MySQLDialect
2015-09-25 16:40:13 INFO  LobCreatorBuilder:97 - HHH000423: Disabling contextual LOB creation as JDBC driver reported JDBC version [3] less than 4
2015-09-25 16:40:13 INFO  ASTQueryTranslatorFactory:47 - HHH000397: Using ASTQueryTranslatorFactory
2015-09-25 16:40:14 INFO  SchemaUpdate:182 - HHH000228: Running hbm2ddl schema update
2015-09-25 16:40:14 INFO  SchemaUpdate:193 - HHH000102: Fetching database metadata
2015-09-25 16:40:14 INFO  SchemaUpdate:205 - HHH000396: Updating schema
2015-09-25 16:40:14 INFO  TableMetadata:66 - HHH000261: Table found: test.jpa_roles
2015-09-25 16:40:14 INFO  TableMetadata:67 - HHH000037: Columns: [role_id, user_id, role_name]
2015-09-25 16:40:14 INFO  TableMetadata:69 - HHH000108: Foreign keys: [fk_cg3xd1hotk3vp2ajaetwnvfwk]
2015-09-25 16:40:14 INFO  TableMetadata:70 - HHH000126: Indexes: [fk_cg3xd1hotk3vp2ajaetwnvfwk, primary, uk_n1kurc0xjbxmjirhqcrvhbbim]
2015-09-25 16:40:14 INFO  TableMetadata:66 - HHH000261: Table found: test.jpa_user
2015-09-25 16:40:14 INFO  TableMetadata:67 - HHH000037: Columns: [user_name, first_name, email, last_name, user_id, password]
2015-09-25 16:40:14 INFO  TableMetadata:69 - HHH000108: Foreign keys: []
2015-09-25 16:40:14 INFO  TableMetadata:70 - HHH000126: Indexes: [uk_mu48y7lsetgeh9algyj5qp4im, primary]
2015-09-25 16:40:14 INFO  TableMetadata:66 - HHH000261: Table found: test.suppliers
2015-09-25 16:40:14 INFO  TableMetadata:67 - HHH000037: Columns: [id, email, address, name, state, mobile, country, city]
2015-09-25 16:40:14 INFO  TableMetadata:69 - HHH000108: Foreign keys: []
2015-09-25 16:40:14 INFO  TableMetadata:70 - HHH000126: Indexes: [primary]
2015-09-25 16:40:14 INFO  SchemaUpdate:242 - HHH000232: Schema update complete
2015-09-25 17:01:26 INFO  LogHelper:46 - HHH000204: Processing PersistenceUnitInfo [
	name: default
	...]
2015-09-25 17:01:26 INFO  Version:54 - HHH000412: Hibernate Core {4.3.5.Final}
2015-09-25 17:01:26 INFO  Environment:239 - HHH000206: hibernate.properties not found
2015-09-25 17:01:26 INFO  Environment:346 - HHH000021: Bytecode provider name : javassist
2015-09-25 17:01:26 INFO  Version:66 - HCANN000001: Hibernate Commons Annotations {4.0.4.Final}
2015-09-25 17:01:26 INFO  Dialect:145 - HHH000400: Using dialect: org.hibernate.dialect.MySQLDialect
2015-09-25 17:01:26 INFO  LobCreatorBuilder:97 - HHH000423: Disabling contextual LOB creation as JDBC driver reported JDBC version [3] less than 4
2015-09-25 17:01:26 INFO  ASTQueryTranslatorFactory:47 - HHH000397: Using ASTQueryTranslatorFactory
2015-09-25 17:01:26 INFO  SchemaUpdate:182 - HHH000228: Running hbm2ddl schema update
2015-09-25 17:01:26 INFO  SchemaUpdate:193 - HHH000102: Fetching database metadata
2015-09-25 17:01:26 INFO  SchemaUpdate:205 - HHH000396: Updating schema
2015-09-25 17:01:26 INFO  TableMetadata:66 - HHH000261: Table found: test.jpa_roles
2015-09-25 17:01:26 INFO  TableMetadata:67 - HHH000037: Columns: [role_id, user_id, role_name]
2015-09-25 17:01:26 INFO  TableMetadata:69 - HHH000108: Foreign keys: [fk_cg3xd1hotk3vp2ajaetwnvfwk]
2015-09-25 17:01:26 INFO  TableMetadata:70 - HHH000126: Indexes: [fk_cg3xd1hotk3vp2ajaetwnvfwk, primary, uk_n1kurc0xjbxmjirhqcrvhbbim]
2015-09-25 17:01:26 INFO  TableMetadata:66 - HHH000261: Table found: test.jpa_user
2015-09-25 17:01:26 INFO  TableMetadata:67 - HHH000037: Columns: [user_name, first_name, email, last_name, user_id, password]
2015-09-25 17:01:26 INFO  TableMetadata:69 - HHH000108: Foreign keys: []
2015-09-25 17:01:26 INFO  TableMetadata:70 - HHH000126: Indexes: [uk_mu48y7lsetgeh9algyj5qp4im, primary]
2015-09-25 17:01:27 INFO  TableMetadata:66 - HHH000261: Table found: test.suppliers
2015-09-25 17:01:27 INFO  TableMetadata:67 - HHH000037: Columns: [id, email, address, name, state, mobile, country, city]
2015-09-25 17:01:27 INFO  TableMetadata:69 - HHH000108: Foreign keys: []
2015-09-25 17:01:27 INFO  TableMetadata:70 - HHH000126: Indexes: [primary]
2015-09-25 17:01:27 INFO  SchemaUpdate:242 - HHH000232: Schema update complete
2015-09-25 17:36:47 INFO  LogHelper:46 - HHH000204: Processing PersistenceUnitInfo [
	name: default
	...]
2015-09-25 17:36:47 INFO  Version:54 - HHH000412: Hibernate Core {4.3.5.Final}
2015-09-25 17:36:47 INFO  Environment:239 - HHH000206: hibernate.properties not found
2015-09-25 17:36:47 INFO  Environment:346 - HHH000021: Bytecode provider name : javassist
2015-09-25 17:36:47 INFO  Version:66 - HCANN000001: Hibernate Commons Annotations {4.0.4.Final}
2015-09-25 17:36:47 INFO  Dialect:145 - HHH000400: Using dialect: org.hibernate.dialect.MySQLDialect
2015-09-25 17:36:47 INFO  LobCreatorBuilder:97 - HHH000423: Disabling contextual LOB creation as JDBC driver reported JDBC version [3] less than 4
2015-09-25 17:36:47 INFO  ASTQueryTranslatorFactory:47 - HHH000397: Using ASTQueryTranslatorFactory
2015-09-25 17:36:48 INFO  SchemaUpdate:182 - HHH000228: Running hbm2ddl schema update
2015-09-25 17:36:48 INFO  SchemaUpdate:193 - HHH000102: Fetching database metadata
2015-09-25 17:36:48 INFO  SchemaUpdate:205 - HHH000396: Updating schema
2015-09-25 17:36:48 INFO  TableMetadata:66 - HHH000261: Table found: test.jpa_roles
2015-09-25 17:36:48 INFO  TableMetadata:67 - HHH000037: Columns: [role_id, user_id, role_name]
2015-09-25 17:36:48 INFO  TableMetadata:69 - HHH000108: Foreign keys: [fk_cg3xd1hotk3vp2ajaetwnvfwk]
2015-09-25 17:36:48 INFO  TableMetadata:70 - HHH000126: Indexes: [fk_cg3xd1hotk3vp2ajaetwnvfwk, primary, uk_n1kurc0xjbxmjirhqcrvhbbim]
2015-09-25 17:36:48 INFO  TableMetadata:66 - HHH000261: Table found: test.jpa_user
2015-09-25 17:36:48 INFO  TableMetadata:67 - HHH000037: Columns: [user_name, first_name, email, last_name, user_id, password]
2015-09-25 17:36:48 INFO  TableMetadata:69 - HHH000108: Foreign keys: []
2015-09-25 17:36:48 INFO  TableMetadata:70 - HHH000126: Indexes: [uk_mu48y7lsetgeh9algyj5qp4im, primary]
2015-09-25 17:36:48 INFO  TableMetadata:66 - HHH000261: Table found: test.suppliers
2015-09-25 17:36:48 INFO  TableMetadata:67 - HHH000037: Columns: [id, email, address, name, state, mobile, country, city]
2015-09-25 17:36:48 INFO  TableMetadata:69 - HHH000108: Foreign keys: []
2015-09-25 17:36:48 INFO  TableMetadata:70 - HHH000126: Indexes: [primary]
2015-09-25 17:36:48 INFO  SchemaUpdate:242 - HHH000232: Schema update complete
2015-09-25 17:55:12 INFO  LogHelper:46 - HHH000204: Processing PersistenceUnitInfo [
	name: default
	...]
2015-09-25 17:55:12 INFO  Version:54 - HHH000412: Hibernate Core {4.3.5.Final}
2015-09-25 17:55:12 INFO  Environment:239 - HHH000206: hibernate.properties not found
2015-09-25 17:55:12 INFO  Environment:346 - HHH000021: Bytecode provider name : javassist
2015-09-25 17:55:12 INFO  Version:66 - HCANN000001: Hibernate Commons Annotations {4.0.4.Final}
2015-09-25 17:55:12 INFO  Dialect:145 - HHH000400: Using dialect: org.hibernate.dialect.MySQLDialect
2015-09-25 17:55:12 INFO  LobCreatorBuilder:97 - HHH000423: Disabling contextual LOB creation as JDBC driver reported JDBC version [3] less than 4
2015-09-25 17:55:12 INFO  ASTQueryTranslatorFactory:47 - HHH000397: Using ASTQueryTranslatorFactory
2015-09-25 17:55:13 INFO  SchemaUpdate:182 - HHH000228: Running hbm2ddl schema update
2015-09-25 17:55:13 INFO  SchemaUpdate:193 - HHH000102: Fetching database metadata
2015-09-25 17:55:13 INFO  SchemaUpdate:205 - HHH000396: Updating schema
2015-09-25 17:55:13 INFO  TableMetadata:66 - HHH000261: Table found: test.jpa_roles
2015-09-25 17:55:13 INFO  TableMetadata:67 - HHH000037: Columns: [role_id, user_id, role_name]
2015-09-25 17:55:13 INFO  TableMetadata:69 - HHH000108: Foreign keys: [fk_cg3xd1hotk3vp2ajaetwnvfwk]
2015-09-25 17:55:13 INFO  TableMetadata:70 - HHH000126: Indexes: [fk_cg3xd1hotk3vp2ajaetwnvfwk, primary, uk_n1kurc0xjbxmjirhqcrvhbbim]
2015-09-25 17:55:13 INFO  TableMetadata:66 - HHH000261: Table found: test.jpa_user
2015-09-25 17:55:13 INFO  TableMetadata:67 - HHH000037: Columns: [user_name, first_name, email, last_name, user_id, password]
2015-09-25 17:55:13 INFO  TableMetadata:69 - HHH000108: Foreign keys: []
2015-09-25 17:55:13 INFO  TableMetadata:70 - HHH000126: Indexes: [uk_mu48y7lsetgeh9algyj5qp4im, primary]
2015-09-25 17:55:13 INFO  TableMetadata:66 - HHH000261: Table found: test.suppliers
2015-09-25 17:55:13 INFO  TableMetadata:67 - HHH000037: Columns: [id, email, address, name, state, mobile, country, city]
2015-09-25 17:55:13 INFO  TableMetadata:69 - HHH000108: Foreign keys: []
2015-09-25 17:55:13 INFO  TableMetadata:70 - HHH000126: Indexes: [primary]
2015-09-25 17:55:13 INFO  SchemaUpdate:242 - HHH000232: Schema update complete
2015-09-25 18:05:53 INFO  LogHelper:46 - HHH000204: Processing PersistenceUnitInfo [
	name: default
	...]
2015-09-25 18:05:54 INFO  Version:54 - HHH000412: Hibernate Core {4.3.5.Final}
2015-09-25 18:05:54 INFO  Environment:239 - HHH000206: hibernate.properties not found
2015-09-25 18:05:54 INFO  Environment:346 - HHH000021: Bytecode provider name : javassist
2015-09-25 18:05:54 INFO  Version:66 - HCANN000001: Hibernate Commons Annotations {4.0.4.Final}
2015-09-25 18:05:54 INFO  Dialect:145 - HHH000400: Using dialect: org.hibernate.dialect.MySQLDialect
2015-09-25 18:05:54 INFO  LobCreatorBuilder:97 - HHH000423: Disabling contextual LOB creation as JDBC driver reported JDBC version [3] less than 4
2015-09-25 18:05:54 INFO  ASTQueryTranslatorFactory:47 - HHH000397: Using ASTQueryTranslatorFactory
2015-09-25 18:05:54 INFO  SchemaUpdate:182 - HHH000228: Running hbm2ddl schema update
2015-09-25 18:05:54 INFO  SchemaUpdate:193 - HHH000102: Fetching database metadata
2015-09-25 18:05:54 INFO  SchemaUpdate:205 - HHH000396: Updating schema
2015-09-25 18:05:54 INFO  TableMetadata:66 - HHH000261: Table found: test.jpa_roles
2015-09-25 18:05:54 INFO  TableMetadata:67 - HHH000037: Columns: [role_id, user_id, role_name]
2015-09-25 18:05:54 INFO  TableMetadata:69 - HHH000108: Foreign keys: [fk_cg3xd1hotk3vp2ajaetwnvfwk]
2015-09-25 18:05:54 INFO  TableMetadata:70 - HHH000126: Indexes: [fk_cg3xd1hotk3vp2ajaetwnvfwk, primary, uk_n1kurc0xjbxmjirhqcrvhbbim]
2015-09-25 18:05:54 INFO  TableMetadata:66 - HHH000261: Table found: test.jpa_user
2015-09-25 18:05:54 INFO  TableMetadata:67 - HHH000037: Columns: [user_name, first_name, email, last_name, user_id, password]
2015-09-25 18:05:54 INFO  TableMetadata:69 - HHH000108: Foreign keys: []
2015-09-25 18:05:54 INFO  TableMetadata:70 - HHH000126: Indexes: [uk_mu48y7lsetgeh9algyj5qp4im, primary]
2015-09-25 18:05:54 INFO  TableMetadata:66 - HHH000261: Table found: test.suppliers
2015-09-25 18:05:54 INFO  TableMetadata:67 - HHH000037: Columns: [id, email, address, name, state, mobile, country, city]
2015-09-25 18:05:54 INFO  TableMetadata:69 - HHH000108: Foreign keys: []
2015-09-25 18:05:54 INFO  TableMetadata:70 - HHH000126: Indexes: [primary]
2015-09-25 18:05:54 INFO  SchemaUpdate:242 - HHH000232: Schema update complete
2015-09-25 18:06:14 INFO  LogHelper:46 - HHH000204: Processing PersistenceUnitInfo [
	name: default
	...]
2015-09-25 18:06:14 INFO  Version:54 - HHH000412: Hibernate Core {4.3.5.Final}
2015-09-25 18:06:14 INFO  Environment:239 - HHH000206: hibernate.properties not found
2015-09-25 18:06:14 INFO  Environment:346 - HHH000021: Bytecode provider name : javassist
2015-09-25 18:06:14 INFO  Version:66 - HCANN000001: Hibernate Commons Annotations {4.0.4.Final}
2015-09-25 18:06:14 INFO  Dialect:145 - HHH000400: Using dialect: org.hibernate.dialect.MySQLDialect
2015-09-25 18:06:14 INFO  LobCreatorBuilder:97 - HHH000423: Disabling contextual LOB creation as JDBC driver reported JDBC version [3] less than 4
2015-09-25 18:06:14 INFO  ASTQueryTranslatorFactory:47 - HHH000397: Using ASTQueryTranslatorFactory
2015-09-25 18:06:14 INFO  SchemaUpdate:182 - HHH000228: Running hbm2ddl schema update
2015-09-25 18:06:14 INFO  SchemaUpdate:193 - HHH000102: Fetching database metadata
2015-09-25 18:06:14 INFO  SchemaUpdate:205 - HHH000396: Updating schema
2015-09-25 18:06:15 INFO  TableMetadata:66 - HHH000261: Table found: test.jpa_roles
2015-09-25 18:06:15 INFO  TableMetadata:67 - HHH000037: Columns: [role_id, user_id, role_name]
2015-09-25 18:06:15 INFO  TableMetadata:69 - HHH000108: Foreign keys: [fk_cg3xd1hotk3vp2ajaetwnvfwk]
2015-09-25 18:06:15 INFO  TableMetadata:70 - HHH000126: Indexes: [fk_cg3xd1hotk3vp2ajaetwnvfwk, primary, uk_n1kurc0xjbxmjirhqcrvhbbim]
2015-09-25 18:06:15 INFO  TableMetadata:66 - HHH000261: Table found: test.jpa_user
2015-09-25 18:06:15 INFO  TableMetadata:67 - HHH000037: Columns: [user_name, first_name, email, last_name, user_id, password]
2015-09-25 18:06:15 INFO  TableMetadata:69 - HHH000108: Foreign keys: []
2015-09-25 18:06:15 INFO  TableMetadata:70 - HHH000126: Indexes: [uk_mu48y7lsetgeh9algyj5qp4im, primary]
2015-09-25 18:06:15 INFO  TableMetadata:66 - HHH000261: Table found: test.suppliers
2015-09-25 18:06:15 INFO  TableMetadata:67 - HHH000037: Columns: [id, email, address, name, state, mobile, country, city]
2015-09-25 18:06:15 INFO  TableMetadata:69 - HHH000108: Foreign keys: []
2015-09-25 18:06:15 INFO  TableMetadata:70 - HHH000126: Indexes: [primary]
2015-09-25 18:06:15 INFO  SchemaUpdate:242 - HHH000232: Schema update complete
2015-09-25 18:06:54 INFO  LogHelper:46 - HHH000204: Processing PersistenceUnitInfo [
	name: default
	...]
2015-09-25 18:06:54 INFO  Version:54 - HHH000412: Hibernate Core {4.3.5.Final}
2015-09-25 18:06:54 INFO  Environment:239 - HHH000206: hibernate.properties not found
2015-09-25 18:06:54 INFO  Environment:346 - HHH000021: Bytecode provider name : javassist
2015-09-25 18:28:46 INFO  LogHelper:46 - HHH000204: Processing PersistenceUnitInfo [
	name: default
	...]
2015-09-25 18:28:46 INFO  Version:54 - HHH000412: Hibernate Core {4.3.5.Final}
2015-09-25 18:28:46 INFO  Environment:239 - HHH000206: hibernate.properties not found
2015-09-25 18:28:46 INFO  Environment:346 - HHH000021: Bytecode provider name : javassist
2015-09-25 18:28:46 INFO  Version:66 - HCANN000001: Hibernate Commons Annotations {4.0.4.Final}
2015-09-25 18:28:47 INFO  Dialect:145 - HHH000400: Using dialect: org.hibernate.dialect.MySQLDialect
2015-09-25 18:28:47 INFO  LobCreatorBuilder:97 - HHH000423: Disabling contextual LOB creation as JDBC driver reported JDBC version [3] less than 4
2015-09-25 18:28:47 INFO  ASTQueryTranslatorFactory:47 - HHH000397: Using ASTQueryTranslatorFactory
2015-09-25 18:28:47 INFO  SchemaUpdate:182 - HHH000228: Running hbm2ddl schema update
2015-09-25 18:28:47 INFO  SchemaUpdate:193 - HHH000102: Fetching database metadata
2015-09-25 18:28:47 INFO  SchemaUpdate:205 - HHH000396: Updating schema
2015-09-25 18:28:47 INFO  TableMetadata:66 - HHH000261: Table found: test.jpa_roles
2015-09-25 18:28:47 INFO  TableMetadata:67 - HHH000037: Columns: [role_id, user_id, role_name]
2015-09-25 18:28:47 INFO  TableMetadata:69 - HHH000108: Foreign keys: [fk_cg3xd1hotk3vp2ajaetwnvfwk]
2015-09-25 18:28:47 INFO  TableMetadata:70 - HHH000126: Indexes: [fk_cg3xd1hotk3vp2ajaetwnvfwk, primary, uk_n1kurc0xjbxmjirhqcrvhbbim]
2015-09-25 18:28:47 INFO  TableMetadata:66 - HHH000261: Table found: test.jpa_user
2015-09-25 18:28:47 INFO  TableMetadata:67 - HHH000037: Columns: [user_name, first_name, email, last_name, user_id, password]
2015-09-25 18:28:47 INFO  TableMetadata:69 - HHH000108: Foreign keys: []
2015-09-25 18:28:47 INFO  TableMetadata:70 - HHH000126: Indexes: [uk_mu48y7lsetgeh9algyj5qp4im, primary]
2015-09-25 18:28:47 INFO  TableMetadata:66 - HHH000261: Table found: test.suppliers
2015-09-25 18:28:47 INFO  TableMetadata:67 - HHH000037: Columns: [id, email, address, name, state, mobile, country, city]
2015-09-25 18:28:47 INFO  TableMetadata:69 - HHH000108: Foreign keys: []
2015-09-25 18:28:47 INFO  TableMetadata:70 - HHH000126: Indexes: [primary]
2015-09-25 18:28:47 INFO  SchemaUpdate:242 - HHH000232: Schema update complete
